<html>
<head>
<title>TestNG:  Test</title>
<link href="../testng.css" rel="stylesheet" type="text/css" />
<link href="../my-testng.css" rel="stylesheet" type="text/css" />

<style type="text/css">
.log { display: none;} 
.stack-trace { display: none;} 
</style>
<script type="text/javascript">
<!--
function flip(e) {
  current = e.style.display;
  if (current == 'block') {
    e.style.display = 'none';
    return 0;
  }
  else {
    e.style.display = 'block';
    return 1;
  }
}

function toggleBox(szDivId, elem, msg1, msg2)
{
  var res = -1;  if (document.getElementById) {
    res = flip(document.getElementById(szDivId));
  }
  else if (document.all) {
    // this is the way old msie versions work
    res = flip(document.all[szDivId]);
  }
  if(elem) {
    if(res == 0) elem.innerHTML = msg1; else elem.innerHTML = msg2;
  }

}

function toggleAllBoxes() {
  if (document.getElementsByTagName) {
    d = document.getElementsByTagName('div');
    for (i = 0; i < d.length; i++) {
      if (d[i].className == 'log') {
        flip(d[i]);
      }
    }
  }
}

// -->
</script>

</head>
<body>
<h2 align='center'>Test</h2><table border='1' align="center">
<tr>
<td>Tests passed/Failed/Skipped:</td><td>14/1/1</td>
</tr><tr>
<td>Started on:</td><td>Tue Dec 12 08:03:10 CST 2023</td>
</tr>
<tr><td>Total time:</td><td>0 seconds (156 ms)</td>
</tr><tr>
<td>Included groups:</td><td></td>
</tr><tr>
<td>Excluded groups:</td><td></td>
</tr>
</table><p/>
<small><i>(Hover the method name to see the test class name)</i></small><p/>
<table width='100%' border='1' class='invocation-failed'>
<tr><td colspan='4' align='center'><b>FAILED TESTS</b></td></tr>
<tr><td><b>Test method</b></td>
<td><b>Attribute(s)</b></td>
<td width="30%"><b>Exception</b></td>
<td width="10%"><b>Time (seconds)</b></td>
<td><b>Instance</b></td>
</tr>
<tr>
<td title='TestPack.Test4.GetData4()'><b>GetData4</b><br>Test class: TestPack.Test4</td>
<td><div><pre>org.testng.TestNGException: 
Parameter &apos;Url&apos; is required by @Test on method GetData4 but has not been marked @Optional or defined
in C:\Users\kpate\OneDrive\Documents\JavaTraning\MavenTestNG\Listners.xml
	at java.base/java.util.ArrayList.forEach(ArrayList.java:1511)
... Removed 26 stack frames</pre></div><a href='#' onClick='toggleBox("stack-trace694452085", this, "Click to show all stack frames", "Click to hide stack frames")'>Click to show all stack frames</a>
<div class='stack-trace' id='stack-trace694452085'><pre>org.testng.TestNGException: 
Parameter &apos;Url&apos; is required by @Test on method GetData4 but has not been marked @Optional or defined
in C:\Users\kpate\OneDrive\Documents\JavaTraning\MavenTestNG\Listners.xml
	at org.testng.internal.Parameters.createParams(Parameters.java:267)
	at org.testng.internal.Parameters.createParametersForMethod(Parameters.java:355)
	at org.testng.internal.Parameters.createParameters(Parameters.java:684)
	at org.testng.internal.Parameters.handleParameters(Parameters.java:879)
	at org.testng.internal.Parameters.handleParameters(Parameters.java:728)
	at org.testng.internal.invokers.ParameterHandler.handleParameters(ParameterHandler.java:72)
	at org.testng.internal.invokers.ParameterHandler.createParameters(ParameterHandler.java:51)
	at org.testng.internal.invokers.TestInvoker$MethodInvocationAgent.invoke(TestInvoker.java:911)
	at org.testng.internal.invokers.TestInvoker.invokeTestMethods(TestInvoker.java:200)
	at org.testng.internal.invokers.TestMethodWorker.invokeTestMethods(TestMethodWorker.java:148)
	at org.testng.internal.invokers.TestMethodWorker.run(TestMethodWorker.java:128)
	at java.base/java.util.ArrayList.forEach(ArrayList.java:1511)
	at org.testng.TestRunner.privateRun(TestRunner.java:848)
	at org.testng.TestRunner.run(TestRunner.java:621)
	at org.testng.SuiteRunner.runTest(SuiteRunner.java:443)
	at org.testng.SuiteRunner.runSequentially(SuiteRunner.java:437)
	at org.testng.SuiteRunner.privateRun(SuiteRunner.java:397)
	at org.testng.SuiteRunner.run(SuiteRunner.java:336)
	at org.testng.SuiteRunnerWorker.runSuite(SuiteRunnerWorker.java:52)
	at org.testng.SuiteRunnerWorker.run(SuiteRunnerWorker.java:95)
	at org.testng.TestNG.runSuitesSequentially(TestNG.java:1280)
	at org.testng.TestNG.runSuitesLocally(TestNG.java:1200)
	at org.testng.TestNG.runSuites(TestNG.java:1114)
	at org.testng.TestNG.run(TestNG.java:1082)
	at org.testng.remote.AbstractRemoteTestNG.run(AbstractRemoteTestNG.java:115)
	at org.testng.remote.RemoteTestNG.initAndRun(RemoteTestNG.java:251)
	at org.testng.remote.RemoteTestNG.main(RemoteTestNG.java:77)
</pre></div></td>
<td>0</td>
<td>TestPack.Test4@515aebb0</td></tr>
</table><p>
<table width='100%' border='1' class='invocation-passed'>
<tr><td colspan='4' align='center'><b>PASSED TESTS</b></td></tr>
<tr><td><b>Test method</b></td>
<td><b>Attribute(s)</b></td>
<td width="30%"><b>Exception</b></td>
<td width="10%"><b>Time (seconds)</b></td>
<td><b>Instance</b></td>
</tr>
<tr>
<td title='TestPack.Test3.test31()'><b>test31</b><br>Test class: TestPack.Test3</td>
<td></td>
<td>0</td>
<td>TestPack.Test3@9f116cc</td></tr>
<tr>
<td title='TestPack.DataProviderAnnotation.carloan()'><b>carloan</b><br>Test class: TestPack.DataProviderAnnotation<br>Parameters: UN2, PW2</td>
<td></td>
<td>0</td>
<td>TestPack.DataProviderAnnotation@747ddf94</td></tr>
<tr>
<td title='TestPack.Test11.test13()'><b>test13</b><br>Test class: TestPack.Test11</td>
<td></td>
<td>0</td>
<td>TestPack.Test11@2f9f7dcf</td></tr>
<tr>
<td title='TestPack.Test11.test11()'><b>test11</b><br>Test class: TestPack.Test11</td>
<td></td>
<td>0</td>
<td>TestPack.Test11@2f9f7dcf</td></tr>
<tr>
<td title='TestPack.DataProviderAnnotation.carloan()'><b>carloan</b><br>Test class: TestPack.DataProviderAnnotation<br>Parameters: UN3, PW3</td>
<td></td>
<td>0</td>
<td>TestPack.DataProviderAnnotation@747ddf94</td></tr>
<tr>
<td title='TestPack.Test2.Test21()'><b>Test21</b><br>Test class: TestPack.Test2</td>
<td></td>
<td>0</td>
<td>TestPack.Test2@35e2d654</td></tr>
<tr>
<td title='TestPack.Test11.test12()'><b>test12</b><br>Test class: TestPack.Test11</td>
<td></td>
<td>0</td>
<td>TestPack.Test11@2f9f7dcf</td></tr>
<tr>
<td title='TestPack.Test3.test34()'><b>test34</b><br>Test class: TestPack.Test3</td>
<td></td>
<td>0</td>
<td>TestPack.Test3@9f116cc</td></tr>
<tr>
<td title='TestPack.Test3.test32()'><b>test32</b><br>Test class: TestPack.Test3</td>
<td></td>
<td>0</td>
<td>TestPack.Test3@9f116cc</td></tr>
<tr>
<td title='TestPack.Test4.GetData()'><b>GetData</b><br>Test class: TestPack.Test4</td>
<td></td>
<td>0</td>
<td>TestPack.Test4@515aebb0</td></tr>
<tr>
<td title='TestPack.DataProviderAnnotation.carloan()'><b>carloan</b><br>Test class: TestPack.DataProviderAnnotation<br>Parameters: UN1, PW1</td>
<td></td>
<td>0</td>
<td>TestPack.DataProviderAnnotation@747ddf94</td></tr>
<tr>
<td title='TestPack.Test3.test33()'><b>test33</b><br>Test class: TestPack.Test3</td>
<td></td>
<td>0</td>
<td>TestPack.Test3@9f116cc</td></tr>
<tr>
<td title='TestPack.Test2.test22()'><b>test22</b><br>Test class: TestPack.Test2</td>
<td></td>
<td>0</td>
<td>TestPack.Test2@35e2d654</td></tr>
<tr>
<td title='TestPack.Test2.test123()'><b>test123</b><br>Test class: TestPack.Test2</td>
<td></td>
<td>0</td>
<td>TestPack.Test2@35e2d654</td></tr>
</table><p>
<table width='100%' border='1' class='invocation-skipped'>
<tr><td colspan='4' align='center'><b>SKIPPED TESTS</b></td></tr>
<tr><td><b>Test method</b></td>
<td><b>Attribute(s)</b></td>
<td width="30%"><b>Exception</b></td>
<td width="10%"><b>Time (seconds)</b></td>
<td><b>Instance</b></td>
</tr>
<tr>
<td title='TestPack.Test4.GetData3()'><b>GetData3</b><br>Test class: TestPack.Test4</td>
<td><div><pre>java.lang.Throwable: Method TestPack.Test4.GetData3() on instance TestPack.Test4@515aebb0 depends on not successfully finished methods 
[TestPack.Test4.GetData4() on instance TestPack.Test4@515aebb0]
	at java.base/java.util.ArrayList.forEach(ArrayList.java:1511)
... Removed 18 stack frames</pre></div><a href='#' onClick='toggleBox("stack-trace1659367709", this, "Click to show all stack frames", "Click to hide stack frames")'>Click to show all stack frames</a>
<div class='stack-trace' id='stack-trace1659367709'><pre>java.lang.Throwable: Method TestPack.Test4.GetData3() on instance TestPack.Test4@515aebb0 depends on not successfully finished methods 
[TestPack.Test4.GetData4() on instance TestPack.Test4@515aebb0]
	at org.testng.internal.invokers.TestInvoker.invokeTestMethods(TestInvoker.java:156)
	at org.testng.internal.invokers.TestMethodWorker.invokeTestMethods(TestMethodWorker.java:148)
	at org.testng.internal.invokers.TestMethodWorker.run(TestMethodWorker.java:128)
	at java.base/java.util.ArrayList.forEach(ArrayList.java:1511)
	at org.testng.TestRunner.privateRun(TestRunner.java:848)
	at org.testng.TestRunner.run(TestRunner.java:621)
	at org.testng.SuiteRunner.runTest(SuiteRunner.java:443)
	at org.testng.SuiteRunner.runSequentially(SuiteRunner.java:437)
	at org.testng.SuiteRunner.privateRun(SuiteRunner.java:397)
	at org.testng.SuiteRunner.run(SuiteRunner.java:336)
	at org.testng.SuiteRunnerWorker.runSuite(SuiteRunnerWorker.java:52)
	at org.testng.SuiteRunnerWorker.run(SuiteRunnerWorker.java:95)
	at org.testng.TestNG.runSuitesSequentially(TestNG.java:1280)
	at org.testng.TestNG.runSuitesLocally(TestNG.java:1200)
	at org.testng.TestNG.runSuites(TestNG.java:1114)
	at org.testng.TestNG.run(TestNG.java:1082)
	at org.testng.remote.AbstractRemoteTestNG.run(AbstractRemoteTestNG.java:115)
	at org.testng.remote.RemoteTestNG.initAndRun(RemoteTestNG.java:251)
	at org.testng.remote.RemoteTestNG.main(RemoteTestNG.java:77)
</pre></div></td>
<td>0</td>
<td>TestPack.Test4@515aebb0</td></tr>
</table><p>
</body>
</html>