<?xml version="1.0" encoding="UTF-8"?>
<!-- Generated by org.testng.reporters.JUnitXMLReporter -->
<testsuite ignored="1" hostname="DESKTOP-KDF4MER" failures="1" tests="16" name="Test" time="0.156" errors="0" timestamp="2023-12-12T08:03:10 CST">
  <testcase classname="TestPack.Test3" name="test31" time="0.005"/>
  <testcase classname="TestPack.Test3" name="test32" time="0.002"/>
  <testcase classname="TestPack.Test3" name="test33" time="0.002"/>
  <testcase classname="TestPack.Test3" name="test34" time="0.002"/>
  <testcase classname="TestPack.Test4" name="GetData" time="0.007"/>
  <testcase classname="TestPack.Test4" name="GetData4" time="0.0">
    <failure type="org.testng.TestNGException" message="
Parameter &amp;apos;Url&amp;apos; is required by @Test on method GetData4 but has not been marked @Optional or defined
in C:\Users\kpate\OneDrive\Documents\JavaTraning\MavenTestNG\Listners.xml">
      <![CDATA[org.testng.TestNGException: 
Parameter 'Url' is required by @Test on method GetData4 but has not been marked @Optional or defined
in C:\Users\kpate\OneDrive\Documents\JavaTraning\MavenTestNG\Listners.xml
at java.base/java.util.ArrayList.forEach(ArrayList.java:1511)
... Removed 26 stack frames]]>
    </failure>
  </testcase> <!-- GetData4 -->
  <testcase classname="TestPack.Test4" name="GetData3" time="0.0">
    <skipped/>
  </testcase> <!-- GetData3 -->
  <testcase classname="TestPack.Test11" name="test11" time="0.002"/>
  <testcase classname="TestPack.Test11" name="test12" time="0.002"/>
  <testcase classname="TestPack.Test11" name="test13" time="0.001"/>
  <testcase classname="TestPack.DataProviderAnnotation" name="carloan" time="0.007"/>
  <testcase classname="TestPack.DataProviderAnnotation" name="carloan" time="0.005"/>
  <testcase classname="TestPack.DataProviderAnnotation" name="carloan" time="0.002"/>
  <testcase classname="TestPack.Test2" name="Test21" time="0.003"/>
  <testcase classname="TestPack.Test2" name="test123" time="0.001"/>
  <testcase classname="TestPack.Test2" name="test22" time="0.002"/>
  <testcase classname="TestPack.Test4" name="GetData2" time="0.0">
    <ignored/>
  </testcase> <!-- GetData2 -->
</testsuite> <!-- Test -->
